网址为： http://926-web-test.926.net.cn/#/
xpath信息为： //div[@class="ant-row"]/div/div[2]
2020-01-02 10:09:21-供应方-子模块为:登录 用例标题:点击密码登录 执行结果:pass 捕获信息：
2020-01-02 10:09:23-供应方-子模块为:登录 用例标题:输入正确的手机号 执行结果:pass 捕获信息：
2020-01-02 10:09:25-供应方-子模块为:登录 用例标题:输入正确的密码 执行结果:pass 捕获信息：
2020-01-02 10:09:28-供应方-子模块为:登录 用例标题:点击登录 执行结果:pass 捕获信息：登录成功
2020-01-02 10:09:31-供应方-子模块为:发起合同 用例标题:点击进入企业实名认证 执行结果:pass 捕获信息：
2020-01-02 10:09:39-供应方-子模块为:登录 用例标题:进入926云平台 执行结果:pass 捕获信息：
2020-01-02 10:09:42-供应方-子模块为:获取企业信息 用例标题:点击进入云平台认证 执行结果:pass 捕获信息：
2020-01-02 10:09:45-供应方-子模块为:获取企业信息 用例标题:点击进入云平台认证详情 执行结果:pass 捕获信息：
2020-01-02 10:09:46-供应方-子模块为:获取企业信息 用例标题:获取企业信息完毕 执行结果:pass 捕获信息：
天河软件集团 天河一二三四五六七八九十1一二三四五六七八九十2一二三四五六七八九十3一二三四五六七八九十4 天河1515158418198@163.com 广东省广州市XX经济开发区天地银行青海路支一行 天河123443213212341235
2020-01-02 10:09:53-合作方-子模块为:登录 用例标题:点击密码登录 执行结果:pass 捕获信息：
2020-01-02 10:09:55-合作方-子模块为:登录 用例标题:输入正确的手机号 执行结果:pass 捕获信息：
2020-01-02 10:09:56-合作方-子模块为:登录 用例标题:输入正确的密码 执行结果:pass 捕获信息：
2020-01-02 10:09:59-合作方-子模块为:登录 用例标题:点击登录 执行结果:pass 捕获信息：登录成功
2020-01-02 10:10:02-合作方-子模块为:发起合同 用例标题:点击进入企业实名认证 执行结果:pass 捕获信息：
2020-01-02 10:10:09-合作方-子模块为:登录 用例标题:进入926云平台 执行结果:pass 捕获信息：
2020-01-02 10:10:12-合作方-子模块为:获取企业信息 用例标题:点击进入云平台认证 执行结果:pass 捕获信息：
2020-01-02 10:10:15-合作方-子模块为:获取企业信息 用例标题:点击进入云平台认证详情 执行结果:pass 捕获信息：
2020-01-02 10:10:19-合作方-子模块为:获取企业信息 用例标题:获取企业信息完毕 执行结果:pass 捕获信息：
哦啊啊呵呵广州新东方分公司 东方地址一二三四五六七八九十1一二三四五六七八九十2一二三四五六七八九十3一二三四五六七八九十4一二三四五六七八九十5 东方1789@1376.com 东方支行一二三四五六七八九十1一二三四五六七八九十2一二三四五六七八九十3一二三四五六七八九十4一二三四五六七八九十5 8520852085207418529638528520
2020-01-02 10:10:25-代理方-子模块为:登录 用例标题:点击密码登录 执行结果:pass 捕获信息：
2020-01-02 10:10:26-代理方-子模块为:登录 用例标题:输入正确的手机号 执行结果:pass 捕获信息：
2020-01-02 10:10:28-代理方-子模块为:登录 用例标题:输入正确的密码 执行结果:pass 捕获信息：
2020-01-02 10:10:30-代理方-子模块为:登录 用例标题:点击登录 执行结果:pass 捕获信息：登录成功
2020-01-02 10:10:37-代理方-子模块为:登录 用例标题:进入代理交易助手 执行结果:pass 捕获信息：
2020-01-02 10:10:40-代理方-子模块为:进入代理交易助手 用例标题:校验 成功进入代理交易助手  成功 执行结果:pass 捕获信息：
*****发起方提交合同申请*****
2020-01-02 10:10:42-供应方-子模块为:发起合同 用例标题:点击进入合同签审 执行结果:pass 捕获信息：
2020-01-02 10:10:44-供应方-子模块为:发起合同 用例标题:校验 合同审签列表页一级目录  成功 执行结果:pass 捕获信息：
2020-01-02 10:10:44-供应方-子模块为:发起合同 用例标题:校验 合同审签列表页二级目录  成功 执行结果:pass 捕获信息：
2020-01-02 10:10:45-供应方-子模块为:发起合同 用例标题:校验 合同签审-全部列表  成功 执行结果:pass 捕获信息：
2020-01-02 10:10:45-供应方-子模块为:发起合同 用例标题:校验 合同签审-我方待审批列表  成功 执行结果:pass 捕获信息：
2020-01-02 10:10:45-供应方-子模块为:发起合同 用例标题:校验 合同签审-合作方待审批列表  成功 执行结果:pass 捕获信息：
2020-01-02 10:10:46-供应方-子模块为:发起合同 用例标题:校验 合同签审-受托方待审批列表  成功 执行结果:pass 捕获信息：
2020-01-02 10:10:48-供应方-子模块为:发起合同 用例标题:点击发起委托 执行结果:pass 捕获信息：
2020-01-02 10:10:50-供应方-子模块为:发起合同 用例标题:校验 发起委托一级目录  成功 执行结果:pass 捕获信息：
2020-01-02 10:10:50-供应方-子模块为:发起合同 用例标题:校验 发起委托二级目录  成功 执行结果:pass 捕获信息：
2020-01-02 10:10:50-供应方-子模块为:发起合同 用例标题:校验 发起委托三级目录  成功 执行结果:pass 捕获信息：
网址为： http://926-web-test.926.net.cn/#/
xpath信息为： //div[@class="ant-row"]/div/div[2]
2020-01-02 10:09:21-供应方-子模块为:登录 用例标题:点击密码登录 执行结果:pass 捕获信息：
2020-01-02 10:09:23-供应方-子模块为:登录 用例标题:输入正确的手机号 执行结果:pass 捕获信息：
2020-01-02 10:09:25-供应方-子模块为:登录 用例标题:输入正确的密码 执行结果:pass 捕获信息：
2020-01-02 10:09:28-供应方-子模块为:登录 用例标题:点击登录 执行结果:pass 捕获信息：登录成功
2020-01-02 10:09:31-供应方-子模块为:发起合同 用例标题:点击进入企业实名认证 执行结果:pass 捕获信息：
2020-01-02 10:09:39-供应方-子模块为:登录 用例标题:进入926云平台 执行结果:pass 捕获信息：
2020-01-02 10:09:42-供应方-子模块为:获取企业信息 用例标题:点击进入云平台认证 执行结果:pass 捕获信息：
2020-01-02 10:09:45-供应方-子模块为:获取企业信息 用例标题:点击进入云平台认证详情 执行结果:pass 捕获信息：
2020-01-02 10:09:46-供应方-子模块为:获取企业信息 用例标题:获取企业信息完毕 执行结果:pass 捕获信息：
天河软件集团 天河一二三四五六七八九十1一二三四五六七八九十2一二三四五六七八九十3一二三四五六七八九十4 天河1515158418198@163.com 广东省广州市XX经济开发区天地银行青海路支一行 天河123443213212341235
2020-01-02 10:09:53-合作方-子模块为:登录 用例标题:点击密码登录 执行结果:pass 捕获信息：
2020-01-02 10:09:55-合作方-子模块为:登录 用例标题:输入正确的手机号 执行结果:pass 捕获信息：
2020-01-02 10:09:56-合作方-子模块为:登录 用例标题:输入正确的密码 执行结果:pass 捕获信息：
2020-01-02 10:09:59-合作方-子模块为:登录 用例标题:点击登录 执行结果:pass 捕获信息：登录成功
2020-01-02 10:10:02-合作方-子模块为:发起合同 用例标题:点击进入企业实名认证 执行结果:pass 捕获信息：
2020-01-02 10:10:09-合作方-子模块为:登录 用例标题:进入926云平台 执行结果:pass 捕获信息：
2020-01-02 10:10:12-合作方-子模块为:获取企业信息 用例标题:点击进入云平台认证 执行结果:pass 捕获信息：
2020-01-02 10:10:15-合作方-子模块为:获取企业信息 用例标题:点击进入云平台认证详情 执行结果:pass 捕获信息：
2020-01-02 10:10:19-合作方-子模块为:获取企业信息 用例标题:获取企业信息完毕 执行结果:pass 捕获信息：
哦啊啊呵呵广州新东方分公司 东方地址一二三四五六七八九十1一二三四五六七八九十2一二三四五六七八九十3一二三四五六七八九十4一二三四五六七八九十5 东方1789@1376.com 东方支行一二三四五六七八九十1一二三四五六七八九十2一二三四五六七八九十3一二三四五六七八九十4一二三四五六七八九十5 8520852085207418529638528520
2020-01-02 10:10:25-代理方-子模块为:登录 用例标题:点击密码登录 执行结果:pass 捕获信息：
2020-01-02 10:10:26-代理方-子模块为:登录 用例标题:输入正确的手机号 执行结果:pass 捕获信息：
2020-01-02 10:10:28-代理方-子模块为:登录 用例标题:输入正确的密码 执行结果:pass 捕获信息：
2020-01-02 10:10:30-代理方-子模块为:登录 用例标题:点击登录 执行结果:pass 捕获信息：登录成功
2020-01-02 10:10:37-代理方-子模块为:登录 用例标题:进入代理交易助手 执行结果:pass 捕获信息：
2020-01-02 10:10:40-代理方-子模块为:进入代理交易助手 用例标题:校验 成功进入代理交易助手  成功 执行结果:pass 捕获信息：
*****发起方提交合同申请*****
2020-01-02 10:10:42-供应方-子模块为:发起合同 用例标题:点击进入合同签审 执行结果:pass 捕获信息：
2020-01-02 10:10:44-供应方-子模块为:发起合同 用例标题:校验 合同审签列表页一级目录  成功 执行结果:pass 捕获信息：
2020-01-02 10:10:44-供应方-子模块为:发起合同 用例标题:校验 合同审签列表页二级目录  成功 执行结果:pass 捕获信息：
2020-01-02 10:10:45-供应方-子模块为:发起合同 用例标题:校验 合同签审-全部列表  成功 执行结果:pass 捕获信息：
2020-01-02 10:10:45-供应方-子模块为:发起合同 用例标题:校验 合同签审-我方待审批列表  成功 执行结果:pass 捕获信息：
2020-01-02 10:10:45-供应方-子模块为:发起合同 用例标题:校验 合同签审-合作方待审批列表  成功 执行结果:pass 捕获信息：
2020-01-02 10:10:46-供应方-子模块为:发起合同 用例标题:校验 合同签审-受托方待审批列表  成功 执行结果:pass 捕获信息：
2020-01-02 10:10:48-供应方-子模块为:发起合同 用例标题:点击发起委托 执行结果:pass 捕获信息：
2020-01-02 10:10:50-供应方-子模块为:发起合同 用例标题:校验 发起委托一级目录  成功 执行结果:pass 捕获信息：
2020-01-02 10:10:50-供应方-子模块为:发起合同 用例标题:校验 发起委托二级目录  成功 执行结果:pass 捕获信息：
2020-01-02 10:10:50-供应方-子模块为:发起合同 用例标题:校验 发起委托三级目录  成功 执行结果:pass 捕获信息：
2020-01-02 10:09:21-供应方-子模块为:登录 用例标题:点击密码登录 执行结果:pass 捕获信息：
2020-01-02 10:09:23-供应方-子模块为:登录 用例标题:输入正确的手机号 执行结果:pass 捕获信息：
2020-01-02 10:09:25-供应方-子模块为:登录 用例标题:输入正确的密码 执行结果:pass 捕获信息：
2020-01-02 10:09:28-供应方-子模块为:登录 用例标题:点击登录 执行结果:pass 捕获信息：登录成功
2020-01-02 10:09:31-供应方-子模块为:发起合同 用例标题:点击进入企业实名认证 执行结果:pass 捕获信息：
2020-01-02 10:09:39-供应方-子模块为:登录 用例标题:进入926云平台 执行结果:pass 捕获信息：
2020-01-02 10:09:42-供应方-子模块为:获取企业信息 用例标题:点击进入云平台认证 执行结果:pass 捕获信息：
2020-01-02 10:09:45-供应方-子模块为:获取企业信息 用例标题:点击进入云平台认证详情 执行结果:pass 捕获信息：
2020-01-02 10:09:46-供应方-子模块为:获取企业信息 用例标题:获取企业信息完毕 执行结果:pass 捕获信息：
天河软件集团 天河一二三四五六七八九十1一二三四五六七八九十2一二三四五六七八九十3一二三四五六七八九十4 天河1515158418198@163.com 广东省广州市XX经济开发区天地银行青海路支一行 天河123443213212341235
2020-01-02 10:09:53-合作方-子模块为:登录 用例标题:点击密码登录 执行结果:pass 捕获信息：
2020-01-02 10:09:55-合作方-子模块为:登录 用例标题:输入正确的手机号 执行结果:pass 捕获信息：
2020-01-02 10:09:56-合作方-子模块为:登录 用例标题:输入正确的密码 执行结果:pass 捕获信息：
2020-01-02 10:09:59-合作方-子模块为:登录 用例标题:点击登录 执行结果:pass 捕获信息：登录成功
2020-01-02 10:10:02-合作方-子模块为:发起合同 用例标题:点击进入企业实名认证 执行结果:pass 捕获信息：
2020-01-02 10:10:09-合作方-子模块为:登录 用例标题:进入926云平台 执行结果:pass 捕获信息：
2020-01-02 10:10:12-合作方-子模块为:获取企业信息 用例标题:点击进入云平台认证 执行结果:pass 捕获信息：
2020-01-02 10:10:15-合作方-子模块为:获取企业信息 用例标题:点击进入云平台认证详情 执行结果:pass 捕获信息：
2020-01-02 10:10:19-合作方-子模块为:获取企业信息 用例标题:获取企业信息完毕 执行结果:pass 捕获信息：
哦啊啊呵呵广州新东方分公司 东方地址一二三四五六七八九十1一二三四五六七八九十2一二三四五六七八九十3一二三四五六七八九十4一二三四五六七八九十5 东方1789@1376.com 东方支行一二三四五六七八九十1一二三四五六七八九十2一二三四五六七八九十3一二三四五六七八九十4一二三四五六七八九十5 8520852085207418529638528520
2020-01-02 10:10:25-代理方-子模块为:登录 用例标题:点击密码登录 执行结果:pass 捕获信息：
2020-01-02 10:10:26-代理方-子模块为:登录 用例标题:输入正确的手机号 执行结果:pass 捕获信息：
2020-01-02 10:10:28-代理方-子模块为:登录 用例标题:输入正确的密码 执行结果:pass 捕获信息：
2020-01-02 10:10:30-代理方-子模块为:登录 用例标题:点击登录 执行结果:pass 捕获信息：登录成功
2020-01-02 10:10:37-代理方-子模块为:登录 用例标题:进入代理交易助手 执行结果:pass 捕获信息：
2020-01-02 10:10:40-代理方-子模块为:进入代理交易助手 用例标题:校验 成功进入代理交易助手  成功 执行结果:pass 捕获信息：
*****发起方提交合同申请*****
2020-01-02 10:10:42-供应方-子模块为:发起合同 用例标题:点击进入合同签审 执行结果:pass 捕获信息：
2020-01-02 10:10:44-供应方-子模块为:发起合同 用例标题:校验 合同审签列表页一级目录  成功 执行结果:pass 捕获信息：
2020-01-02 10:10:44-供应方-子模块为:发起合同 用例标题:校验 合同审签列表页二级目录  成功 执行结果:pass 捕获信息：
2020-01-02 10:10:45-供应方-子模块为:发起合同 用例标题:校验 合同签审-全部列表  成功 执行结果:pass 捕获信息：
2020-01-02 10:10:45-供应方-子模块为:发起合同 用例标题:校验 合同签审-我方待审批列表  成功 执行结果:pass 捕获信息：
2020-01-02 10:10:45-供应方-子模块为:发起合同 用例标题:校验 合同签审-合作方待审批列表  成功 执行结果:pass 捕获信息：
2020-01-02 10:10:46-供应方-子模块为:发起合同 用例标题:校验 合同签审-受托方待审批列表  成功 执行结果:pass 捕获信息：
2020-01-02 10:10:48-供应方-子模块为:发起合同 用例标题:点击发起委托 执行结果:pass 捕获信息：
2020-01-02 10:10:50-供应方-子模块为:发起合同 用例标题:校验 发起委托一级目录  成功 执行结果:pass 捕获信息：
2020-01-02 10:10:50-供应方-子模块为:发起合同 用例标题:校验 发起委托二级目录  成功 执行结果:pass 捕获信息：
2020-01-02 10:10:50-供应方-子模块为:发起合同 用例标题:校验 发起委托三级目录  成功 执行结果:pass 捕获信息：
网址为： http://926-web-test.926.net.cn/#/
xpath信息为： //div[@class="ant-row"]/div/div[2]
2020-01-03 11:06:59-供应方-子模块为:登录 用例标题:点击密码登录 执行结果:pass 捕获信息：
2020-01-03 11:07:00-供应方-子模块为:登录 用例标题:输入正确的手机号 执行结果:pass 捕获信息：
2020-01-03 11:07:02-供应方-子模块为:登录 用例标题:输入正确的密码 执行结果:pass 捕获信息：
2020-01-03 11:07:05-供应方-子模块为:登录 用例标题:点击登录 执行结果:pass 捕获信息：登录成功
2020-01-03 11:07:08-供应方-子模块为:发起合同 用例标题:点击进入企业实名认证 执行结果:pass 捕获信息：
2020-01-03 11:07:16-供应方-子模块为:登录 用例标题:进入926云平台 执行结果:pass 捕获信息：
2020-01-03 11:07:20-供应方-子模块为:获取企业信息 用例标题:点击进入云平台认证 执行结果:pass 捕获信息：
2020-01-03 11:07:23-供应方-子模块为:获取企业信息 用例标题:点击进入云平台认证详情 执行结果:pass 捕获信息：
2020-01-03 11:07:24-供应方-子模块为:获取企业信息 用例标题:获取企业信息完毕 执行结果:pass 捕获信息：
天河软件集团 天河一二三四五六七八九十1一二三四五六七八九十2一二三四五六七八九十3一二三四五六七八九十4 天河1515158418198@163.com 广东省广州市XX经济开发区天地银行青海路支一行 天河123443213212341235
2020-01-03 11:07:31-合作方-子模块为:登录 用例标题:点击密码登录 执行结果:pass 捕获信息：
2020-01-03 11:07:32-合作方-子模块为:登录 用例标题:输入正确的手机号 执行结果:pass 捕获信息：
2020-01-03 11:07:34-合作方-子模块为:登录 用例标题:输入正确的密码 执行结果:pass 捕获信息：
2020-01-03 11:07:37-合作方-子模块为:登录 用例标题:点击登录 执行结果:pass 捕获信息：登录成功
2020-01-03 11:07:40-合作方-子模块为:发起合同 用例标题:点击进入企业实名认证 执行结果:pass 捕获信息：
2020-01-03 11:07:47-合作方-子模块为:登录 用例标题:进入926云平台 执行结果:pass 捕获信息：
2020-01-03 11:07:51-合作方-子模块为:获取企业信息 用例标题:点击进入云平台认证 执行结果:pass 捕获信息：
2020-01-03 11:07:53-合作方-子模块为:获取企业信息 用例标题:点击进入云平台认证详情 执行结果:pass 捕获信息：
2020-01-03 11:07:58-合作方-子模块为:获取企业信息 用例标题:获取企业信息完毕 执行结果:pass 捕获信息：
哦啊啊呵呵广州新东方分公司 东方地址一二三四五六七八九十1一二三四五六七八九十2一二三四五六七八九十3一二三四五六七八九十4一二三四五六七八九十5 东方1789@1376.com 东方支行一二三四五六七八九十1一二三四五六七八九十2一二三四五六七八九十3一二三四五六七八九十4一二三四五六七八九十5 8520852085207418529638528520
2020-01-03 11:08:04-代理方-子模块为:登录 用例标题:点击密码登录 执行结果:pass 捕获信息：
2020-01-03 11:08:05-代理方-子模块为:登录 用例标题:输入正确的手机号 执行结果:pass 捕获信息：
2020-01-03 11:08:06-代理方-子模块为:登录 用例标题:输入正确的密码 执行结果:pass 捕获信息：
2020-01-03 11:08:08-代理方-子模块为:登录 用例标题:点击登录 执行结果:pass 捕获信息：登录成功
2020-01-03 11:08:16-代理方-子模块为:登录 用例标题:进入代理交易助手 执行结果:pass 捕获信息：
2020-01-03 11:08:19-代理方-子模块为:进入代理交易助手 用例标题:校验 成功进入代理交易助手  成功 执行结果:pass 捕获信息：
*****发起方提交合同申请*****
2020-01-03 11:08:22-供应方-子模块为:发起合同 用例标题:点击进入合同签审 执行结果:pass 捕获信息：
2020-01-03 11:08:23-供应方-子模块为:发起合同 用例标题:校验 合同审签列表页一级目录  成功 执行结果:pass 捕获信息：
2020-01-03 11:08:23-供应方-子模块为:发起合同 用例标题:校验 合同审签列表页二级目录  成功 执行结果:pass 捕获信息：
2020-01-03 11:08:24-供应方-子模块为:发起合同 用例标题:校验 合同签审-全部列表  成功 执行结果:pass 捕获信息：
2020-01-03 11:08:24-供应方-子模块为:发起合同 用例标题:校验 合同签审-我方待审批列表  成功 执行结果:pass 捕获信息：
2020-01-03 11:08:24-供应方-子模块为:发起合同 用例标题:校验 合同签审-合作方待审批列表  成功 执行结果:pass 捕获信息：
2020-01-03 11:08:25-供应方-子模块为:发起合同 用例标题:校验 合同签审-受托方待审批列表  成功 执行结果:pass 捕获信息：
2020-01-03 11:08:27-供应方-子模块为:发起合同 用例标题:点击发起委托 执行结果:pass 捕获信息：
2020-01-03 11:08:29-供应方-子模块为:发起合同 用例标题:校验 发起委托一级目录  成功 执行结果:pass 捕获信息：
2020-01-03 11:08:29-供应方-子模块为:发起合同 用例标题:校验 发起委托二级目录  成功 执行结果:pass 捕获信息：
2020-01-03 11:08:29-供应方-子模块为:发起合同 用例标题:校验 发起委托三级目录  成功 执行结果:pass 捕获信息：
网址为： http://926-web-test.926.net.cn/#/
xpath信息为： //div[@class="ant-row"]/div/div[2]
2020-01-03 11:06:59-供应方-子模块为:登录 用例标题:点击密码登录 执行结果:pass 捕获信息：
2020-01-03 11:07:00-供应方-子模块为:登录 用例标题:输入正确的手机号 执行结果:pass 捕获信息：
2020-01-03 11:07:02-供应方-子模块为:登录 用例标题:输入正确的密码 执行结果:pass 捕获信息：
2020-01-03 11:07:05-供应方-子模块为:登录 用例标题:点击登录 执行结果:pass 捕获信息：登录成功
2020-01-03 11:07:08-供应方-子模块为:发起合同 用例标题:点击进入企业实名认证 执行结果:pass 捕获信息：
2020-01-03 11:07:16-供应方-子模块为:登录 用例标题:进入926云平台 执行结果:pass 捕获信息：
2020-01-03 11:07:20-供应方-子模块为:获取企业信息 用例标题:点击进入云平台认证 执行结果:pass 捕获信息：
2020-01-03 11:07:23-供应方-子模块为:获取企业信息 用例标题:点击进入云平台认证详情 执行结果:pass 捕获信息：
2020-01-03 11:07:24-供应方-子模块为:获取企业信息 用例标题:获取企业信息完毕 执行结果:pass 捕获信息：
天河软件集团 天河一二三四五六七八九十1一二三四五六七八九十2一二三四五六七八九十3一二三四五六七八九十4 天河1515158418198@163.com 广东省广州市XX经济开发区天地银行青海路支一行 天河123443213212341235
2020-01-03 11:07:31-合作方-子模块为:登录 用例标题:点击密码登录 执行结果:pass 捕获信息：
2020-01-03 11:07:32-合作方-子模块为:登录 用例标题:输入正确的手机号 执行结果:pass 捕获信息：
2020-01-03 11:07:34-合作方-子模块为:登录 用例标题:输入正确的密码 执行结果:pass 捕获信息：
2020-01-03 11:07:37-合作方-子模块为:登录 用例标题:点击登录 执行结果:pass 捕获信息：登录成功
2020-01-03 11:07:40-合作方-子模块为:发起合同 用例标题:点击进入企业实名认证 执行结果:pass 捕获信息：
2020-01-03 11:07:47-合作方-子模块为:登录 用例标题:进入926云平台 执行结果:pass 捕获信息：
2020-01-03 11:07:51-合作方-子模块为:获取企业信息 用例标题:点击进入云平台认证 执行结果:pass 捕获信息：
2020-01-03 11:07:53-合作方-子模块为:获取企业信息 用例标题:点击进入云平台认证详情 执行结果:pass 捕获信息：
2020-01-03 11:07:58-合作方-子模块为:获取企业信息 用例标题:获取企业信息完毕 执行结果:pass 捕获信息：
哦啊啊呵呵广州新东方分公司 东方地址一二三四五六七八九十1一二三四五六七八九十2一二三四五六七八九十3一二三四五六七八九十4一二三四五六七八九十5 东方1789@1376.com 东方支行一二三四五六七八九十1一二三四五六七八九十2一二三四五六七八九十3一二三四五六七八九十4一二三四五六七八九十5 8520852085207418529638528520
2020-01-03 11:08:04-代理方-子模块为:登录 用例标题:点击密码登录 执行结果:pass 捕获信息：
2020-01-03 11:08:05-代理方-子模块为:登录 用例标题:输入正确的手机号 执行结果:pass 捕获信息：
2020-01-03 11:08:06-代理方-子模块为:登录 用例标题:输入正确的密码 执行结果:pass 捕获信息：
2020-01-03 11:08:08-代理方-子模块为:登录 用例标题:点击登录 执行结果:pass 捕获信息：登录成功
2020-01-03 11:08:16-代理方-子模块为:登录 用例标题:进入代理交易助手 执行结果:pass 捕获信息：
2020-01-03 11:08:19-代理方-子模块为:进入代理交易助手 用例标题:校验 成功进入代理交易助手  成功 执行结果:pass 捕获信息：
*****发起方提交合同申请*****
2020-01-03 11:08:22-供应方-子模块为:发起合同 用例标题:点击进入合同签审 执行结果:pass 捕获信息：
2020-01-03 11:08:23-供应方-子模块为:发起合同 用例标题:校验 合同审签列表页一级目录  成功 执行结果:pass 捕获信息：
2020-01-03 11:08:23-供应方-子模块为:发起合同 用例标题:校验 合同审签列表页二级目录  成功 执行结果:pass 捕获信息：
2020-01-03 11:08:24-供应方-子模块为:发起合同 用例标题:校验 合同签审-全部列表  成功 执行结果:pass 捕获信息：
2020-01-03 11:08:24-供应方-子模块为:发起合同 用例标题:校验 合同签审-我方待审批列表  成功 执行结果:pass 捕获信息：
2020-01-03 11:08:24-供应方-子模块为:发起合同 用例标题:校验 合同签审-合作方待审批列表  成功 执行结果:pass 捕获信息：
2020-01-03 11:08:25-供应方-子模块为:发起合同 用例标题:校验 合同签审-受托方待审批列表  成功 执行结果:pass 捕获信息：
2020-01-03 11:08:27-供应方-子模块为:发起合同 用例标题:点击发起委托 执行结果:pass 捕获信息：
2020-01-03 11:08:29-供应方-子模块为:发起合同 用例标题:校验 发起委托一级目录  成功 执行结果:pass 捕获信息：
2020-01-03 11:08:29-供应方-子模块为:发起合同 用例标题:校验 发起委托二级目录  成功 执行结果:pass 捕获信息：
2020-01-03 11:08:29-供应方-子模块为:发起合同 用例标题:校验 发起委托三级目录  成功 执行结果:pass 捕获信息：
2020-01-03 11:06:59-供应方-子模块为:登录 用例标题:点击密码登录 执行结果:pass 捕获信息：
2020-01-03 11:07:00-供应方-子模块为:登录 用例标题:输入正确的手机号 执行结果:pass 捕获信息：
2020-01-03 11:07:02-供应方-子模块为:登录 用例标题:输入正确的密码 执行结果:pass 捕获信息：
2020-01-03 11:07:05-供应方-子模块为:登录 用例标题:点击登录 执行结果:pass 捕获信息：登录成功
2020-01-03 11:07:08-供应方-子模块为:发起合同 用例标题:点击进入企业实名认证 执行结果:pass 捕获信息：
2020-01-03 11:07:16-供应方-子模块为:登录 用例标题:进入926云平台 执行结果:pass 捕获信息：
2020-01-03 11:07:20-供应方-子模块为:获取企业信息 用例标题:点击进入云平台认证 执行结果:pass 捕获信息：
2020-01-03 11:07:23-供应方-子模块为:获取企业信息 用例标题:点击进入云平台认证详情 执行结果:pass 捕获信息：
2020-01-03 11:07:24-供应方-子模块为:获取企业信息 用例标题:获取企业信息完毕 执行结果:pass 捕获信息：
天河软件集团 天河一二三四五六七八九十1一二三四五六七八九十2一二三四五六七八九十3一二三四五六七八九十4 天河1515158418198@163.com 广东省广州市XX经济开发区天地银行青海路支一行 天河123443213212341235
2020-01-03 11:07:31-合作方-子模块为:登录 用例标题:点击密码登录 执行结果:pass 捕获信息：
2020-01-03 11:07:32-合作方-子模块为:登录 用例标题:输入正确的手机号 执行结果:pass 捕获信息：
2020-01-03 11:07:34-合作方-子模块为:登录 用例标题:输入正确的密码 执行结果:pass 捕获信息：
2020-01-03 11:07:37-合作方-子模块为:登录 用例标题:点击登录 执行结果:pass 捕获信息：登录成功
2020-01-03 11:07:40-合作方-子模块为:发起合同 用例标题:点击进入企业实名认证 执行结果:pass 捕获信息：
2020-01-03 11:07:47-合作方-子模块为:登录 用例标题:进入926云平台 执行结果:pass 捕获信息：
2020-01-03 11:07:51-合作方-子模块为:获取企业信息 用例标题:点击进入云平台认证 执行结果:pass 捕获信息：
2020-01-03 11:07:53-合作方-子模块为:获取企业信息 用例标题:点击进入云平台认证详情 执行结果:pass 捕获信息：
2020-01-03 11:07:58-合作方-子模块为:获取企业信息 用例标题:获取企业信息完毕 执行结果:pass 捕获信息：
哦啊啊呵呵广州新东方分公司 东方地址一二三四五六七八九十1一二三四五六七八九十2一二三四五六七八九十3一二三四五六七八九十4一二三四五六七八九十5 东方1789@1376.com 东方支行一二三四五六七八九十1一二三四五六七八九十2一二三四五六七八九十3一二三四五六七八九十4一二三四五六七八九十5 8520852085207418529638528520
2020-01-03 11:08:04-代理方-子模块为:登录 用例标题:点击密码登录 执行结果:pass 捕获信息：
2020-01-03 11:08:05-代理方-子模块为:登录 用例标题:输入正确的手机号 执行结果:pass 捕获信息：
2020-01-03 11:08:06-代理方-子模块为:登录 用例标题:输入正确的密码 执行结果:pass 捕获信息：
2020-01-03 11:08:08-代理方-子模块为:登录 用例标题:点击登录 执行结果:pass 捕获信息：登录成功
2020-01-03 11:08:16-代理方-子模块为:登录 用例标题:进入代理交易助手 执行结果:pass 捕获信息：
2020-01-03 11:08:19-代理方-子模块为:进入代理交易助手 用例标题:校验 成功进入代理交易助手  成功 执行结果:pass 捕获信息：
*****发起方提交合同申请*****
2020-01-03 11:08:22-供应方-子模块为:发起合同 用例标题:点击进入合同签审 执行结果:pass 捕获信息：
2020-01-03 11:08:23-供应方-子模块为:发起合同 用例标题:校验 合同审签列表页一级目录  成功 执行结果:pass 捕获信息：
2020-01-03 11:08:23-供应方-子模块为:发起合同 用例标题:校验 合同审签列表页二级目录  成功 执行结果:pass 捕获信息：
2020-01-03 11:08:24-供应方-子模块为:发起合同 用例标题:校验 合同签审-全部列表  成功 执行结果:pass 捕获信息：
2020-01-03 11:08:24-供应方-子模块为:发起合同 用例标题:校验 合同签审-我方待审批列表  成功 执行结果:pass 捕获信息：
2020-01-03 11:08:24-供应方-子模块为:发起合同 用例标题:校验 合同签审-合作方待审批列表  成功 执行结果:pass 捕获信息：
2020-01-03 11:08:25-供应方-子模块为:发起合同 用例标题:校验 合同签审-受托方待审批列表  成功 执行结果:pass 捕获信息：
2020-01-03 11:08:27-供应方-子模块为:发起合同 用例标题:点击发起委托 执行结果:pass 捕获信息：
2020-01-03 11:08:29-供应方-子模块为:发起合同 用例标题:校验 发起委托一级目录  成功 执行结果:pass 捕获信息：
2020-01-03 11:08:29-供应方-子模块为:发起合同 用例标题:校验 发起委托二级目录  成功 执行结果:pass 捕获信息：
2020-01-03 11:08:29-供应方-子模块为:发起合同 用例标题:校验 发起委托三级目录  成功 执行结果:pass 捕获信息：
网址为： http://926-web-test.926.net.cn/#/
xpath信息为： //div[@class="ant-row"]/div/div[2]
2020-01-06 10:04:28-供应方-子模块为:登录 用例标题:点击密码登录 执行结果:pass 捕获信息：
2020-01-06 10:04:30-供应方-子模块为:登录 用例标题:输入正确的手机号 执行结果:pass 捕获信息：
2020-01-06 10:04:32-供应方-子模块为:登录 用例标题:输入正确的密码 执行结果:pass 捕获信息：
2020-01-06 10:04:34-供应方-子模块为:登录 用例标题:点击登录 执行结果:pass 捕获信息：登录成功
获取失败后重新点击
2020-01-06 10:05:00-供应方-子模块为:发起合同 用例标题:点击进入企业实名认证 执行结果:pass 捕获信息：
2020-01-06 10:05:10-供应方-子模块为:登录 用例标题:进入926云平台 执行结果:pass 捕获信息：
2020-01-06 10:05:14-供应方-子模块为:获取企业信息 用例标题:点击进入云平台认证 执行结果:pass 捕获信息：
2020-01-06 10:05:16-供应方-子模块为:获取企业信息 用例标题:点击进入云平台认证详情 执行结果:pass 捕获信息：
2020-01-06 10:05:18-供应方-子模块为:获取企业信息 用例标题:获取企业信息完毕 执行结果:pass 捕获信息：
天河软件集团 天河一二三四五六七八九十1一二三四五六七八九十2一二三四五六七八九十3一二三四五六七八九十4 天河1515158418198@163.com 广东省广州市XX经济开发区天地银行青海路支一行 天河123443213212341235
2020-01-06 10:05:24-合作方-子模块为:登录 用例标题:点击密码登录 执行结果:pass 捕获信息：
2020-01-06 10:05:26-合作方-子模块为:登录 用例标题:输入正确的手机号 执行结果:pass 捕获信息：
2020-01-06 10:05:28-合作方-子模块为:登录 用例标题:输入正确的密码 执行结果:pass 捕获信息：
2020-01-06 10:05:30-合作方-子模块为:登录 用例标题:点击登录 执行结果:pass 捕获信息：
获取失败后重新点击
2020-01-06 10:05:49-合作方-子模块为:发起合同 用例标题:点击进入企业实名认证 执行结果:pass 捕获信息：
2020-01-06 10:05:53-合作方-子模块为:登录 用例标题:进入926云平台 执行结果:pass 捕获信息：
2020-01-06 10:05:58-合作方-子模块为:获取企业信息 用例标题:点击进入云平台认证 执行结果:pass 捕获信息：
2020-01-06 10:06:01-合作方-子模块为:获取企业信息 用例标题:点击进入云平台认证详情 执行结果:pass 捕获信息：
2020-01-06 10:06:05-合作方-子模块为:获取企业信息 用例标题:获取企业信息完毕 执行结果:pass 捕获信息：
哦啊啊呵呵广州新东方分公司 东方地址一二三四五六七八九十1一二三四五六七八九十2一二三四五六七八九十3一二三四五六七八九十4一二三四五六七八九十5 东方1789@1376.com 东方支行一二三四五六七八九十1一二三四五六七八九十2一二三四五六七八九十3一二三四五六七八九十4一二三四五六七八九十5 8520852085207418529638528520
2020-01-06 10:06:11-代理方-子模块为:登录 用例标题:点击密码登录 执行结果:pass 捕获信息：
2020-01-06 10:06:12-代理方-子模块为:登录 用例标题:输入正确的手机号 执行结果:pass 捕获信息：
2020-01-06 10:06:13-代理方-子模块为:登录 用例标题:输入正确的密码 执行结果:pass 捕获信息：
2020-01-06 10:06:16-代理方-子模块为:登录 用例标题:点击登录 执行结果:pass 捕获信息：
错误行号 773
错误信息 Traceback (most recent call last):
  File "E:\sunaw\HDapi-auto-test\config\config_agent.py", line 454, in text_click_
    WebDriverWait(driver, 40).until(lambda driver: driver.find_element_by_link_text(data)).click()
  File "E:\python3.7\lib\site-packages\selenium\webdriver\support\wait.py", line 80, in until
    raise TimeoutException(message, screen, stacktrace)
selenium.common.exceptions.TimeoutException: Message: 


During handling of the above exception, another exception occurred:

Traceback (most recent call last):
  File "E:\sunaw\HDapi-auto-test\config\config_agent.py", line 466, in text_click_
    WebDriverWait(driver, 40).until(lambda driver: driver.find_element_by_link_text(data)).click()
  File "E:\python3.7\lib\site-packages\selenium\webdriver\support\wait.py", line 80, in until
    raise TimeoutException(message, screen, stacktrace)
selenium.common.exceptions.TimeoutException: Message: 


网址为： http://926-web-test.926.net.cn/#/
xpath信息为： //div[@class="ant-row"]/div/div[2]
2020-01-06 10:04:28-供应方-子模块为:登录 用例标题:点击密码登录 执行结果:pass 捕获信息：
2020-01-06 10:04:30-供应方-子模块为:登录 用例标题:输入正确的手机号 执行结果:pass 捕获信息：
2020-01-06 10:04:32-供应方-子模块为:登录 用例标题:输入正确的密码 执行结果:pass 捕获信息：
2020-01-06 10:04:34-供应方-子模块为:登录 用例标题:点击登录 执行结果:pass 捕获信息：登录成功
获取失败后重新点击
2020-01-06 10:05:00-供应方-子模块为:发起合同 用例标题:点击进入企业实名认证 执行结果:pass 捕获信息：
2020-01-06 10:05:10-供应方-子模块为:登录 用例标题:进入926云平台 执行结果:pass 捕获信息：
2020-01-06 10:05:14-供应方-子模块为:获取企业信息 用例标题:点击进入云平台认证 执行结果:pass 捕获信息：
2020-01-06 10:05:16-供应方-子模块为:获取企业信息 用例标题:点击进入云平台认证详情 执行结果:pass 捕获信息：
2020-01-06 10:05:18-供应方-子模块为:获取企业信息 用例标题:获取企业信息完毕 执行结果:pass 捕获信息：
天河软件集团 天河一二三四五六七八九十1一二三四五六七八九十2一二三四五六七八九十3一二三四五六七八九十4 天河1515158418198@163.com 广东省广州市XX经济开发区天地银行青海路支一行 天河123443213212341235
2020-01-06 10:05:24-合作方-子模块为:登录 用例标题:点击密码登录 执行结果:pass 捕获信息：
2020-01-06 10:05:26-合作方-子模块为:登录 用例标题:输入正确的手机号 执行结果:pass 捕获信息：
2020-01-06 10:05:28-合作方-子模块为:登录 用例标题:输入正确的密码 执行结果:pass 捕获信息：
2020-01-06 10:05:30-合作方-子模块为:登录 用例标题:点击登录 执行结果:pass 捕获信息：
获取失败后重新点击
2020-01-06 10:05:49-合作方-子模块为:发起合同 用例标题:点击进入企业实名认证 执行结果:pass 捕获信息：
2020-01-06 10:05:53-合作方-子模块为:登录 用例标题:进入926云平台 执行结果:pass 捕获信息：
2020-01-06 10:05:58-合作方-子模块为:获取企业信息 用例标题:点击进入云平台认证 执行结果:pass 捕获信息：
2020-01-06 10:06:01-合作方-子模块为:获取企业信息 用例标题:点击进入云平台认证详情 执行结果:pass 捕获信息：
2020-01-06 10:06:05-合作方-子模块为:获取企业信息 用例标题:获取企业信息完毕 执行结果:pass 捕获信息：
哦啊啊呵呵广州新东方分公司 东方地址一二三四五六七八九十1一二三四五六七八九十2一二三四五六七八九十3一二三四五六七八九十4一二三四五六七八九十5 东方1789@1376.com 东方支行一二三四五六七八九十1一二三四五六七八九十2一二三四五六七八九十3一二三四五六七八九十4一二三四五六七八九十5 8520852085207418529638528520
2020-01-06 10:06:11-代理方-子模块为:登录 用例标题:点击密码登录 执行结果:pass 捕获信息：
2020-01-06 10:06:12-代理方-子模块为:登录 用例标题:输入正确的手机号 执行结果:pass 捕获信息：
2020-01-06 10:06:13-代理方-子模块为:登录 用例标题:输入正确的密码 执行结果:pass 捕获信息：
2020-01-06 10:06:16-代理方-子模块为:登录 用例标题:点击登录 执行结果:pass 捕获信息：
错误行号 773
错误信息 Traceback (most recent call last):
  File "E:\sunaw\HDapi-auto-test\config\config_agent.py", line 454, in text_click_
    WebDriverWait(driver, 40).until(lambda driver: driver.find_element_by_link_text(data)).click()
  File "E:\python3.7\lib\site-packages\selenium\webdriver\support\wait.py", line 80, in until
    raise TimeoutException(message, screen, stacktrace)
selenium.common.exceptions.TimeoutException: Message: 


During handling of the above exception, another exception occurred:

Traceback (most recent call last):
  File "E:\sunaw\HDapi-auto-test\config\config_agent.py", line 466, in text_click_
    WebDriverWait(driver, 40).until(lambda driver: driver.find_element_by_link_text(data)).click()
  File "E:\python3.7\lib\site-packages\selenium\webdriver\support\wait.py", line 80, in until
    raise TimeoutException(message, screen, stacktrace)
selenium.common.exceptions.TimeoutException: Message: 


2020-01-06 10:04:28-供应方-子模块为:登录 用例标题:点击密码登录 执行结果:pass 捕获信息：
2020-01-06 10:04:30-供应方-子模块为:登录 用例标题:输入正确的手机号 执行结果:pass 捕获信息：
2020-01-06 10:04:32-供应方-子模块为:登录 用例标题:输入正确的密码 执行结果:pass 捕获信息：
2020-01-06 10:04:34-供应方-子模块为:登录 用例标题:点击登录 执行结果:pass 捕获信息：登录成功
获取失败后重新点击
2020-01-06 10:05:00-供应方-子模块为:发起合同 用例标题:点击进入企业实名认证 执行结果:pass 捕获信息：
2020-01-06 10:05:10-供应方-子模块为:登录 用例标题:进入926云平台 执行结果:pass 捕获信息：
2020-01-06 10:05:14-供应方-子模块为:获取企业信息 用例标题:点击进入云平台认证 执行结果:pass 捕获信息：
2020-01-06 10:05:16-供应方-子模块为:获取企业信息 用例标题:点击进入云平台认证详情 执行结果:pass 捕获信息：
2020-01-06 10:05:18-供应方-子模块为:获取企业信息 用例标题:获取企业信息完毕 执行结果:pass 捕获信息：
天河软件集团 天河一二三四五六七八九十1一二三四五六七八九十2一二三四五六七八九十3一二三四五六七八九十4 天河1515158418198@163.com 广东省广州市XX经济开发区天地银行青海路支一行 天河123443213212341235
2020-01-06 10:05:24-合作方-子模块为:登录 用例标题:点击密码登录 执行结果:pass 捕获信息：
2020-01-06 10:05:26-合作方-子模块为:登录 用例标题:输入正确的手机号 执行结果:pass 捕获信息：
2020-01-06 10:05:28-合作方-子模块为:登录 用例标题:输入正确的密码 执行结果:pass 捕获信息：
2020-01-06 10:05:30-合作方-子模块为:登录 用例标题:点击登录 执行结果:pass 捕获信息：
获取失败后重新点击
2020-01-06 10:05:49-合作方-子模块为:发起合同 用例标题:点击进入企业实名认证 执行结果:pass 捕获信息：
2020-01-06 10:05:53-合作方-子模块为:登录 用例标题:进入926云平台 执行结果:pass 捕获信息：
2020-01-06 10:05:58-合作方-子模块为:获取企业信息 用例标题:点击进入云平台认证 执行结果:pass 捕获信息：
2020-01-06 10:06:01-合作方-子模块为:获取企业信息 用例标题:点击进入云平台认证详情 执行结果:pass 捕获信息：
2020-01-06 10:06:05-合作方-子模块为:获取企业信息 用例标题:获取企业信息完毕 执行结果:pass 捕获信息：
哦啊啊呵呵广州新东方分公司 东方地址一二三四五六七八九十1一二三四五六七八九十2一二三四五六七八九十3一二三四五六七八九十4一二三四五六七八九十5 东方1789@1376.com 东方支行一二三四五六七八九十1一二三四五六七八九十2一二三四五六七八九十3一二三四五六七八九十4一二三四五六七八九十5 8520852085207418529638528520
2020-01-06 10:06:11-代理方-子模块为:登录 用例标题:点击密码登录 执行结果:pass 捕获信息：
2020-01-06 10:06:12-代理方-子模块为:登录 用例标题:输入正确的手机号 执行结果:pass 捕获信息：
2020-01-06 10:06:13-代理方-子模块为:登录 用例标题:输入正确的密码 执行结果:pass 捕获信息：
2020-01-06 10:06:16-代理方-子模块为:登录 用例标题:点击登录 执行结果:pass 捕获信息：
错误行号 773
错误信息 Traceback (most recent call last):
  File "E:\sunaw\HDapi-auto-test\config\config_agent.py", line 454, in text_click_
    WebDriverWait(driver, 40).until(lambda driver: driver.find_element_by_link_text(data)).click()
  File "E:\python3.7\lib\site-packages\selenium\webdriver\support\wait.py", line 80, in until
    raise TimeoutException(message, screen, stacktrace)
selenium.common.exceptions.TimeoutException: Message: 


During handling of the above exception, another exception occurred:

Traceback (most recent call last):
  File "E:\sunaw\HDapi-auto-test\config\config_agent.py", line 466, in text_click_
    WebDriverWait(driver, 40).until(lambda driver: driver.find_element_by_link_text(data)).click()
  File "E:\python3.7\lib\site-packages\selenium\webdriver\support\wait.py", line 80, in until
    raise TimeoutException(message, screen, stacktrace)
selenium.common.exceptions.TimeoutException: Message: 


错误行号 773
错误信息 Traceback (most recent call last):
  File "E:\sunaw\HDapi-auto-test\config\config_agent.py", line 454, in text_click_
    WebDriverWait(driver, 40).until(lambda driver: driver.find_element_by_link_text(data)).click()
  File "E:\python3.7\lib\site-packages\selenium\webdriver\support\wait.py", line 80, in until
    raise TimeoutException(message, screen, stacktrace)
selenium.common.exceptions.TimeoutException: Message: 


During handling of the above exception, another exception occurred:

Traceback (most recent call last):
  File "E:\sunaw\HDapi-auto-test\config\config_agent.py", line 466, in text_click_
    WebDriverWait(driver, 40).until(lambda driver: driver.find_element_by_link_text(data)).click()
  File "E:\python3.7\lib\site-packages\selenium\webdriver\support\wait.py", line 80, in until
    raise TimeoutException(message, screen, stacktrace)
selenium.common.exceptions.TimeoutException: Message: 


网址为： http://926-web-test.926.net.cn/#/
xpath信息为： //div[@class="ant-row"]/div/div[2]
2020-01-07 09:49:32-供应方-子模块为:登录 用例标题:点击密码登录 执行结果:pass 捕获信息：
2020-01-07 09:49:34-供应方-子模块为:登录 用例标题:输入正确的手机号 执行结果:pass 捕获信息：
2020-01-07 09:49:35-供应方-子模块为:登录 用例标题:输入正确的密码 执行结果:pass 捕获信息：
2020-01-07 09:49:38-供应方-子模块为:登录 用例标题:点击登录 执行结果:pass 捕获信息：登录成功
2020-01-07 09:49:41-供应方-子模块为:发起合同 用例标题:点击进入企业实名认证 执行结果:pass 捕获信息：
2020-01-07 09:49:48-供应方-子模块为:登录 用例标题:进入926云平台 执行结果:pass 捕获信息：
2020-01-07 09:49:52-供应方-子模块为:获取企业信息 用例标题:点击进入云平台认证 执行结果:pass 捕获信息：
2020-01-07 09:49:55-供应方-子模块为:获取企业信息 用例标题:点击进入云平台认证详情 执行结果:pass 捕获信息：
2020-01-07 09:49:56-供应方-子模块为:获取企业信息 用例标题:获取企业信息完毕 执行结果:pass 捕获信息：
天河软件集团 天河一二三四五六七八九十1一二三四五六七八九十2一二三四五六七八九十3一二三四五六七八九十4 天河1515158418198@163.com 广东省广州市XX经济开发区天地银行青海路支一行 天河123443213212341235
2020-01-07 09:50:02-合作方-子模块为:登录 用例标题:点击密码登录 执行结果:pass 捕获信息：
2020-01-07 09:50:04-合作方-子模块为:登录 用例标题:输入正确的手机号 执行结果:pass 捕获信息：
2020-01-07 09:50:06-合作方-子模块为:登录 用例标题:输入正确的密码 执行结果:pass 捕获信息：
2020-01-07 09:50:08-合作方-子模块为:登录 用例标题:点击登录 执行结果:pass 捕获信息：登录成功
2020-01-07 09:50:12-合作方-子模块为:发起合同 用例标题:点击进入企业实名认证 执行结果:pass 捕获信息：
2020-01-07 09:50:19-合作方-子模块为:登录 用例标题:进入926云平台 执行结果:pass 捕获信息：
2020-01-07 09:50:22-合作方-子模块为:获取企业信息 用例标题:点击进入云平台认证 执行结果:pass 捕获信息：
2020-01-07 09:50:25-合作方-子模块为:获取企业信息 用例标题:点击进入云平台认证详情 执行结果:pass 捕获信息：
2020-01-07 09:50:29-合作方-子模块为:获取企业信息 用例标题:获取企业信息完毕 执行结果:pass 捕获信息：
哦啊啊呵呵广州新东方分公司 东方地址一二三四五六七八九十1一二三四五六七八九十2一二三四五六七八九十3一二三四五六七八九十4一二三四五六七八九十5 东方1789@1376.com 东方支行一二三四五六七八九十1一二三四五六七八九十2一二三四五六七八九十3一二三四五六七八九十4一二三四五六七八九十5 8520852085207418529638528520
2020-01-07 09:50:35-代理方-子模块为:登录 用例标题:点击密码登录 执行结果:pass 捕获信息：
2020-01-07 09:50:37-代理方-子模块为:登录 用例标题:输入正确的手机号 执行结果:pass 捕获信息：
2020-01-07 09:50:38-代理方-子模块为:登录 用例标题:输入正确的密码 执行结果:pass 捕获信息：
2020-01-07 09:50:40-代理方-子模块为:登录 用例标题:点击登录 执行结果:pass 捕获信息：登录成功
2020-01-07 09:50:47-代理方-子模块为:登录 用例标题:进入代理交易助手 执行结果:pass 捕获信息：
2020-01-07 09:50:50-代理方-子模块为:进入代理交易助手 用例标题:校验 成功进入代理交易助手  成功 执行结果:pass 捕获信息：
*****发起方提交合同申请*****
2020-01-07 09:50:52-供应方-子模块为:发起合同 用例标题:点击进入合同签审 执行结果:pass 捕获信息：
2020-01-07 09:50:54-供应方-子模块为:发起合同 用例标题:校验 合同审签列表页一级目录  成功 执行结果:pass 捕获信息：
2020-01-07 09:50:54-供应方-子模块为:发起合同 用例标题:校验 合同审签列表页二级目录  成功 执行结果:pass 捕获信息：
2020-01-07 09:50:54-供应方-子模块为:发起合同 用例标题:校验 合同签审-全部列表  成功 执行结果:pass 捕获信息：
2020-01-07 09:50:55-供应方-子模块为:发起合同 用例标题:校验 合同签审-我方待审批列表  成功 执行结果:pass 捕获信息：
2020-01-07 09:50:55-供应方-子模块为:发起合同 用例标题:校验 合同签审-合作方待审批列表  成功 执行结果:pass 捕获信息：
2020-01-07 09:50:55-供应方-子模块为:发起合同 用例标题:校验 合同签审-受托方待审批列表  成功 执行结果:pass 捕获信息：
2020-01-07 09:50:58-供应方-子模块为:发起合同 用例标题:点击发起委托 执行结果:pass 捕获信息：
2020-01-07 09:50:59-供应方-子模块为:发起合同 用例标题:校验 发起委托一级目录  成功 执行结果:pass 捕获信息：
2020-01-07 09:51:00-供应方-子模块为:发起合同 用例标题:校验 发起委托二级目录  成功 执行结果:pass 捕获信息：
2020-01-07 09:51:00-供应方-子模块为:发起合同 用例标题:校验 发起委托三级目录  成功 执行结果:pass 捕获信息：
网址为： http://926-web-test.926.net.cn/#/
xpath信息为： //div[@class="ant-row"]/div/div[2]
2020-01-07 09:49:32-供应方-子模块为:登录 用例标题:点击密码登录 执行结果:pass 捕获信息：
2020-01-07 09:49:34-供应方-子模块为:登录 用例标题:输入正确的手机号 执行结果:pass 捕获信息：
2020-01-07 09:49:35-供应方-子模块为:登录 用例标题:输入正确的密码 执行结果:pass 捕获信息：
2020-01-07 09:49:38-供应方-子模块为:登录 用例标题:点击登录 执行结果:pass 捕获信息：登录成功
2020-01-07 09:49:41-供应方-子模块为:发起合同 用例标题:点击进入企业实名认证 执行结果:pass 捕获信息：
2020-01-07 09:49:48-供应方-子模块为:登录 用例标题:进入926云平台 执行结果:pass 捕获信息：
2020-01-07 09:49:52-供应方-子模块为:获取企业信息 用例标题:点击进入云平台认证 执行结果:pass 捕获信息：
2020-01-07 09:49:55-供应方-子模块为:获取企业信息 用例标题:点击进入云平台认证详情 执行结果:pass 捕获信息：
2020-01-07 09:49:56-供应方-子模块为:获取企业信息 用例标题:获取企业信息完毕 执行结果:pass 捕获信息：
天河软件集团 天河一二三四五六七八九十1一二三四五六七八九十2一二三四五六七八九十3一二三四五六七八九十4 天河1515158418198@163.com 广东省广州市XX经济开发区天地银行青海路支一行 天河123443213212341235
2020-01-07 09:50:02-合作方-子模块为:登录 用例标题:点击密码登录 执行结果:pass 捕获信息：
2020-01-07 09:50:04-合作方-子模块为:登录 用例标题:输入正确的手机号 执行结果:pass 捕获信息：
2020-01-07 09:50:06-合作方-子模块为:登录 用例标题:输入正确的密码 执行结果:pass 捕获信息：
2020-01-07 09:50:08-合作方-子模块为:登录 用例标题:点击登录 执行结果:pass 捕获信息：登录成功
2020-01-07 09:50:12-合作方-子模块为:发起合同 用例标题:点击进入企业实名认证 执行结果:pass 捕获信息：
2020-01-07 09:50:19-合作方-子模块为:登录 用例标题:进入926云平台 执行结果:pass 捕获信息：
2020-01-07 09:50:22-合作方-子模块为:获取企业信息 用例标题:点击进入云平台认证 执行结果:pass 捕获信息：
2020-01-07 09:50:25-合作方-子模块为:获取企业信息 用例标题:点击进入云平台认证详情 执行结果:pass 捕获信息：
2020-01-07 09:50:29-合作方-子模块为:获取企业信息 用例标题:获取企业信息完毕 执行结果:pass 捕获信息：
哦啊啊呵呵广州新东方分公司 东方地址一二三四五六七八九十1一二三四五六七八九十2一二三四五六七八九十3一二三四五六七八九十4一二三四五六七八九十5 东方1789@1376.com 东方支行一二三四五六七八九十1一二三四五六七八九十2一二三四五六七八九十3一二三四五六七八九十4一二三四五六七八九十5 8520852085207418529638528520
2020-01-07 09:50:35-代理方-子模块为:登录 用例标题:点击密码登录 执行结果:pass 捕获信息：
2020-01-07 09:50:37-代理方-子模块为:登录 用例标题:输入正确的手机号 执行结果:pass 捕获信息：
2020-01-07 09:50:38-代理方-子模块为:登录 用例标题:输入正确的密码 执行结果:pass 捕获信息：
2020-01-07 09:50:40-代理方-子模块为:登录 用例标题:点击登录 执行结果:pass 捕获信息：登录成功
2020-01-07 09:50:47-代理方-子模块为:登录 用例标题:进入代理交易助手 执行结果:pass 捕获信息：
2020-01-07 09:50:50-代理方-子模块为:进入代理交易助手 用例标题:校验 成功进入代理交易助手  成功 执行结果:pass 捕获信息：
*****发起方提交合同申请*****
2020-01-07 09:50:52-供应方-子模块为:发起合同 用例标题:点击进入合同签审 执行结果:pass 捕获信息：
2020-01-07 09:50:54-供应方-子模块为:发起合同 用例标题:校验 合同审签列表页一级目录  成功 执行结果:pass 捕获信息：
2020-01-07 09:50:54-供应方-子模块为:发起合同 用例标题:校验 合同审签列表页二级目录  成功 执行结果:pass 捕获信息：
2020-01-07 09:50:54-供应方-子模块为:发起合同 用例标题:校验 合同签审-全部列表  成功 执行结果:pass 捕获信息：
2020-01-07 09:50:55-供应方-子模块为:发起合同 用例标题:校验 合同签审-我方待审批列表  成功 执行结果:pass 捕获信息：
2020-01-07 09:50:55-供应方-子模块为:发起合同 用例标题:校验 合同签审-合作方待审批列表  成功 执行结果:pass 捕获信息：
2020-01-07 09:50:55-供应方-子模块为:发起合同 用例标题:校验 合同签审-受托方待审批列表  成功 执行结果:pass 捕获信息：
2020-01-07 09:50:58-供应方-子模块为:发起合同 用例标题:点击发起委托 执行结果:pass 捕获信息：
2020-01-07 09:50:59-供应方-子模块为:发起合同 用例标题:校验 发起委托一级目录  成功 执行结果:pass 捕获信息：
2020-01-07 09:51:00-供应方-子模块为:发起合同 用例标题:校验 发起委托二级目录  成功 执行结果:pass 捕获信息：
2020-01-07 09:51:00-供应方-子模块为:发起合同 用例标题:校验 发起委托三级目录  成功 执行结果:pass 捕获信息：
2020-01-07 09:49:32-供应方-子模块为:登录 用例标题:点击密码登录 执行结果:pass 捕获信息：
2020-01-07 09:49:34-供应方-子模块为:登录 用例标题:输入正确的手机号 执行结果:pass 捕获信息：
2020-01-07 09:49:35-供应方-子模块为:登录 用例标题:输入正确的密码 执行结果:pass 捕获信息：
2020-01-07 09:49:38-供应方-子模块为:登录 用例标题:点击登录 执行结果:pass 捕获信息：登录成功
2020-01-07 09:49:41-供应方-子模块为:发起合同 用例标题:点击进入企业实名认证 执行结果:pass 捕获信息：
2020-01-07 09:49:48-供应方-子模块为:登录 用例标题:进入926云平台 执行结果:pass 捕获信息：
2020-01-07 09:49:52-供应方-子模块为:获取企业信息 用例标题:点击进入云平台认证 执行结果:pass 捕获信息：
2020-01-07 09:49:55-供应方-子模块为:获取企业信息 用例标题:点击进入云平台认证详情 执行结果:pass 捕获信息：
2020-01-07 09:49:56-供应方-子模块为:获取企业信息 用例标题:获取企业信息完毕 执行结果:pass 捕获信息：
天河软件集团 天河一二三四五六七八九十1一二三四五六七八九十2一二三四五六七八九十3一二三四五六七八九十4 天河1515158418198@163.com 广东省广州市XX经济开发区天地银行青海路支一行 天河123443213212341235
2020-01-07 09:50:02-合作方-子模块为:登录 用例标题:点击密码登录 执行结果:pass 捕获信息：
2020-01-07 09:50:04-合作方-子模块为:登录 用例标题:输入正确的手机号 执行结果:pass 捕获信息：
2020-01-07 09:50:06-合作方-子模块为:登录 用例标题:输入正确的密码 执行结果:pass 捕获信息：
2020-01-07 09:50:08-合作方-子模块为:登录 用例标题:点击登录 执行结果:pass 捕获信息：登录成功
2020-01-07 09:50:12-合作方-子模块为:发起合同 用例标题:点击进入企业实名认证 执行结果:pass 捕获信息：
2020-01-07 09:50:19-合作方-子模块为:登录 用例标题:进入926云平台 执行结果:pass 捕获信息：
2020-01-07 09:50:22-合作方-子模块为:获取企业信息 用例标题:点击进入云平台认证 执行结果:pass 捕获信息：
2020-01-07 09:50:25-合作方-子模块为:获取企业信息 用例标题:点击进入云平台认证详情 执行结果:pass 捕获信息：
2020-01-07 09:50:29-合作方-子模块为:获取企业信息 用例标题:获取企业信息完毕 执行结果:pass 捕获信息：
哦啊啊呵呵广州新东方分公司 东方地址一二三四五六七八九十1一二三四五六七八九十2一二三四五六七八九十3一二三四五六七八九十4一二三四五六七八九十5 东方1789@1376.com 东方支行一二三四五六七八九十1一二三四五六七八九十2一二三四五六七八九十3一二三四五六七八九十4一二三四五六七八九十5 8520852085207418529638528520
2020-01-07 09:50:35-代理方-子模块为:登录 用例标题:点击密码登录 执行结果:pass 捕获信息：
2020-01-07 09:50:37-代理方-子模块为:登录 用例标题:输入正确的手机号 执行结果:pass 捕获信息：
2020-01-07 09:50:38-代理方-子模块为:登录 用例标题:输入正确的密码 执行结果:pass 捕获信息：
2020-01-07 09:50:40-代理方-子模块为:登录 用例标题:点击登录 执行结果:pass 捕获信息：登录成功
2020-01-07 09:50:47-代理方-子模块为:登录 用例标题:进入代理交易助手 执行结果:pass 捕获信息：
2020-01-07 09:50:50-代理方-子模块为:进入代理交易助手 用例标题:校验 成功进入代理交易助手  成功 执行结果:pass 捕获信息：
*****发起方提交合同申请*****
2020-01-07 09:50:52-供应方-子模块为:发起合同 用例标题:点击进入合同签审 执行结果:pass 捕获信息：
2020-01-07 09:50:54-供应方-子模块为:发起合同 用例标题:校验 合同审签列表页一级目录  成功 执行结果:pass 捕获信息：
2020-01-07 09:50:54-供应方-子模块为:发起合同 用例标题:校验 合同审签列表页二级目录  成功 执行结果:pass 捕获信息：
2020-01-07 09:50:54-供应方-子模块为:发起合同 用例标题:校验 合同签审-全部列表  成功 执行结果:pass 捕获信息：
2020-01-07 09:50:55-供应方-子模块为:发起合同 用例标题:校验 合同签审-我方待审批列表  成功 执行结果:pass 捕获信息：
2020-01-07 09:50:55-供应方-子模块为:发起合同 用例标题:校验 合同签审-合作方待审批列表  成功 执行结果:pass 捕获信息：
2020-01-07 09:50:55-供应方-子模块为:发起合同 用例标题:校验 合同签审-受托方待审批列表  成功 执行结果:pass 捕获信息：
2020-01-07 09:50:58-供应方-子模块为:发起合同 用例标题:点击发起委托 执行结果:pass 捕获信息：
2020-01-07 09:50:59-供应方-子模块为:发起合同 用例标题:校验 发起委托一级目录  成功 执行结果:pass 捕获信息：
2020-01-07 09:51:00-供应方-子模块为:发起合同 用例标题:校验 发起委托二级目录  成功 执行结果:pass 捕获信息：
2020-01-07 09:51:00-供应方-子模块为:发起合同 用例标题:校验 发起委托三级目录  成功 执行结果:pass 捕获信息：
